[debug] [2020-04-21T21:53:39.562Z] ----------------------------------------------------------------------
[debug] [2020-04-21T21:53:39.565Z] Command:       C:\Program Files\nodejs\node.exe C:\Users\Servidor\AppData\Roaming\npm\node_modules\firebase-tools\lib\bin\firebase.js init
[debug] [2020-04-21T21:53:39.565Z] CLI Version:   7.15.0
[debug] [2020-04-21T21:53:39.565Z] Platform:      win32
[debug] [2020-04-21T21:53:39.565Z] Node Version:  v12.16.1
[debug] [2020-04-21T21:53:39.566Z] Time:          Tue Apr 21 2020 16:53:39 GMT-0500 (GMT-05:00)
[debug] [2020-04-21T21:53:39.566Z] ----------------------------------------------------------------------
[debug] [2020-04-21T21:53:39.566Z] 
[debug] [2020-04-21T21:53:39.572Z] > command requires scopes: ["email","openid","https://www.googleapis.com/auth/cloudplatformprojects.readonly","https://www.googleapis.com/auth/firebase","https://www.googleapis.com/auth/cloud-platform"]
[debug] [2020-04-21T21:53:39.573Z] > authorizing via signed-in user
[info] 
     ######## #### ########  ######## ########     ###     ######  ########
     ##        ##  ##     ## ##       ##     ##  ##   ##  ##       ##
     ######    ##  ########  ######   ########  #########  ######  ######
     ##        ##  ##    ##  ##       ##     ## ##     ##       ## ##
     ##       #### ##     ## ######## ########  ##     ##  ######  ########

You're about to initialize a Firebase project in this directory:

  E:\proyectos\locompro\front_locomproaqui.com

Before we get started, keep in mind:

  * You are initializing in an existing Firebase project directory

[info] 
=== Project Setup
[info] 
[info] First, let's associate this project directory with a Firebase project.
[info] You can create multiple project aliases by running firebase use --add, 
[info] but for now we'll just set up a default project.
[info] 
[info] i  .firebaserc already has a default project, using locomproaqui-e5fb7.
[debug] [2020-04-21T21:53:46.101Z] >>> HTTP REQUEST GET https://firebase.googleapis.com/v1beta1/projects/locomproaqui-e5fb7  
 
[debug] [2020-04-21T21:53:46.746Z] <<< HTTP RESPONSE 403
[debug] [2020-04-21T21:53:46.747Z] <<< HTTP RESPONSE BODY
[debug] [2020-04-21T21:53:46.750Z] HTTP Error: 403, The caller does not have permission
[debug] [2020-04-21T21:53:47.050Z] FirebaseError: HTTP Error: 403, The caller does not have permission
    at module.exports (C:\Users\Servidor\AppData\Roaming\npm\node_modules\firebase-tools\lib\responseToError.js:38:12)
    at Request._callback (C:\Users\Servidor\AppData\Roaming\npm\node_modules\firebase-tools\lib\api.js:39:35)
    at Request.self.callback (C:\Users\Servidor\AppData\Roaming\npm\node_modules\firebase-tools\node_modules\request\request.js:185:22)
    at Request.emit (events.js:311:20)
    at Request.EventEmitter.emit (domain.js:482:12)
    at Request.<anonymous> (C:\Users\Servidor\AppData\Roaming\npm\node_modules\firebase-tools\node_modules\request\request.js:1154:10)
    at Request.emit (events.js:311:20)
    at Request.EventEmitter.emit (domain.js:482:12)
    at IncomingMessage.<anonymous> (C:\Users\Servidor\AppData\Roaming\npm\node_modules\firebase-tools\node_modules\request\request.js:1076:12)
    at Object.onceWrapper (events.js:417:28)
    at IncomingMessage.emit (events.js:323:22)
    at IncomingMessage.EventEmitter.emit (domain.js:482:12)
    at endReadableNT (_stream_readable.js:1204:12)
    at processTicksAndRejections (internal/process/task_queues.js:84:21)
[error] 
[error] Error: Failed to get Firebase project locomproaqui-e5fb7. Please make sure the project exists and your account has permission to access it.
[debug] [2020-04-21T21:54:02.717Z] ----------------------------------------------------------------------
[debug] [2020-04-21T21:54:02.719Z] Command:       C:\Program Files\nodejs\node.exe C:\Users\Servidor\AppData\Roaming\npm\node_modules\firebase-tools\lib\bin\firebase.js init
[debug] [2020-04-21T21:54:02.720Z] CLI Version:   7.15.0
[debug] [2020-04-21T21:54:02.720Z] Platform:      win32
[debug] [2020-04-21T21:54:02.720Z] Node Version:  v12.16.1
[debug] [2020-04-21T21:54:02.720Z] Time:          Tue Apr 21 2020 16:54:02 GMT-0500 (GMT-05:00)
[debug] [2020-04-21T21:54:02.721Z] ----------------------------------------------------------------------
[debug] [2020-04-21T21:54:02.721Z] 
[debug] [2020-04-21T21:54:02.727Z] > command requires scopes: ["email","openid","https://www.googleapis.com/auth/cloudplatformprojects.readonly","https://www.googleapis.com/auth/firebase","https://www.googleapis.com/auth/cloud-platform"]
[debug] [2020-04-21T21:54:02.728Z] > authorizing via signed-in user
[info] 
     ######## #### ########  ######## ########     ###     ######  ########
     ##        ##  ##     ## ##       ##     ##  ##   ##  ##       ##
     ######    ##  ########  ######   ########  #########  ######  ######
     ##        ##  ##    ##  ##       ##     ## ##     ##       ## ##
     ##       #### ##     ## ######## ########  ##     ##  ######  ########

You're about to initialize a Firebase project in this directory:

  E:\proyectos\locompro\front_locomproaqui.com

Before we get started, keep in mind:

  * You are initializing in an existing Firebase project directory

[info] 
=== Project Setup
[info] 
[info] First, let's associate this project directory with a Firebase project.
[info] You can create multiple project aliases by running firebase use --add, 
[info] but for now we'll just set up a default project.
[info] 
[info] i  .firebaserc already has a default project, using locomproaqui-e5fb7.
[debug] [2020-04-21T21:54:10.501Z] >>> HTTP REQUEST GET https://firebase.googleapis.com/v1beta1/projects/locomproaqui-e5fb7  
 
[debug] [2020-04-21T21:54:10.962Z] <<< HTTP RESPONSE 403
[debug] [2020-04-21T21:54:10.963Z] <<< HTTP RESPONSE BODY
[debug] [2020-04-21T21:54:10.966Z] HTTP Error: 403, The caller does not have permission
[debug] [2020-04-21T21:54:11.219Z] FirebaseError: HTTP Error: 403, The caller does not have permission
    at module.exports (C:\Users\Servidor\AppData\Roaming\npm\node_modules\firebase-tools\lib\responseToError.js:38:12)
    at Request._callback (C:\Users\Servidor\AppData\Roaming\npm\node_modules\firebase-tools\lib\api.js:39:35)
    at Request.self.callback (C:\Users\Servidor\AppData\Roaming\npm\node_modules\firebase-tools\node_modules\request\request.js:185:22)
    at Request.emit (events.js:311:20)
    at Request.EventEmitter.emit (domain.js:482:12)
    at Request.<anonymous> (C:\Users\Servidor\AppData\Roaming\npm\node_modules\firebase-tools\node_modules\request\request.js:1154:10)
    at Request.emit (events.js:311:20)
    at Request.EventEmitter.emit (domain.js:482:12)
    at IncomingMessage.<anonymous> (C:\Users\Servidor\AppData\Roaming\npm\node_modules\firebase-tools\node_modules\request\request.js:1076:12)
    at Object.onceWrapper (events.js:417:28)
    at IncomingMessage.emit (events.js:323:22)
    at IncomingMessage.EventEmitter.emit (domain.js:482:12)
    at endReadableNT (_stream_readable.js:1204:12)
    at processTicksAndRejections (internal/process/task_queues.js:84:21)
[error] 
[error] Error: Failed to get Firebase project locomproaqui-e5fb7. Please make sure the project exists and your account has permission to access it.
